\BOOKMARK [1][-]{Dedication.1}{Dedication}{}% 1
\BOOKMARK [1][-]{Abstract.1}{Abstract}{}% 2
\BOOKMARK [1][-]{Publications.1}{Publications}{}% 3
\BOOKMARK [1][-]{Acknowledgements.1}{Acknowledgements}{}% 4
\BOOKMARK [1][-]{tableofcontents.1}{Contents}{}% 5
\BOOKMARK [1][-]{lof.1}{List of Figures}{}% 6
\BOOKMARK [1][-]{lot.1}{List of Tables}{}% 7
\BOOKMARK [1][-]{lol.1}{Listings}{}% 8
\BOOKMARK [1][-]{acronyms.1}{Acronyms}{}% 9
\BOOKMARK [-1][]{part.1}{Introduction}{}% 10
\BOOKMARK [0][]{chapter.1}{1 Introduction}{part.1}% 11
\BOOKMARK [-1][]{part.2}{Theory and Motivation}{}% 12
\BOOKMARK [0][]{chapter.2}{2 Theory and Motivation}{part.2}% 13
\BOOKMARK [1][-]{section.2.1}{2.1 The Standard Model}{chapter.2}% 14
\BOOKMARK [2][-]{subsection.2.1.1}{2.1.1 How do you explain the standard model?}{section.2.1}% 15
\BOOKMARK [2][-]{subsection.2.1.2}{2.1.2 Problems in the Standard Model}{section.2.1}% 16
\BOOKMARK [1][-]{section.2.2}{2.2 Supersymmetry}{chapter.2}% 17
\BOOKMARK [-1][]{part.3}{The Physical Experiment}{}% 18
\BOOKMARK [0][]{chapter.3}{3 The Large Hadron Collider}{part.3}% 19
\BOOKMARK [1][-]{section.3.1}{3.1 Operation of the Large Hadron Collider}{chapter.3}% 20
\BOOKMARK [0][]{chapter.4}{4 The ATLAS Detector}{part.3}% 21
\BOOKMARK [1][-]{section.4.1}{4.1 Coordinate System Used in the ATLAS Detector}{chapter.4}% 22
\BOOKMARK [1][-]{section.4.2}{4.2 The Inner Detector}{chapter.4}% 23
\BOOKMARK [2][-]{subsection.4.2.1}{4.2.1 The Pixel Detector}{section.4.2}% 24
\BOOKMARK [2][-]{subsection.4.2.2}{4.2.2 The Silicon Microstrip Tracker}{section.4.2}% 25
\BOOKMARK [2][-]{subsection.4.2.3}{4.2.3 The Transition Radiation Tracker}{section.4.2}% 26
\BOOKMARK [1][-]{section.4.3}{4.3 The Calorimeters}{chapter.4}% 27
\BOOKMARK [2][-]{subsection.4.3.1}{4.3.1 The LAr Electromagnetic Calorimeter}{section.4.3}% 28
\BOOKMARK [2][-]{subsection.4.3.2}{4.3.2 The Tile Calorimeter}{section.4.3}% 29
\BOOKMARK [1][-]{section.4.4}{4.4 The Muon Spectrometer}{chapter.4}% 30
\BOOKMARK [1][-]{section.4.5}{4.5 The Magnet System}{chapter.4}% 31
\BOOKMARK [1][-]{section.4.6}{4.6 The Trigger System}{chapter.4}% 32
\BOOKMARK [0][]{chapter.5}{5 Application of a Neural Network to Pixel Clustering}{part.3}% 33
\BOOKMARK [1][-]{section.5.1}{5.1 Clustering in the Pixel Detector}{chapter.5}% 34
\BOOKMARK [2][-]{subsection.5.1.1}{5.1.1 Charge Interpolation Method}{section.5.1}% 35
\BOOKMARK [2][-]{subsection.5.1.2}{5.1.2 Improving Measurement with Neural Networks}{section.5.1}% 36
\BOOKMARK [1][-]{section.5.2}{5.2 Impact of the Neural Network}{chapter.5}% 37
\BOOKMARK [2][-]{subsection.5.2.1}{5.2.1 The Neural Network in 13 TeV Data}{section.5.2}% 38
\BOOKMARK [-1][]{part.4}{Searching for SUSY}{}% 39
\BOOKMARK [-1][]{part.5}{Conclusions}{}% 40
\BOOKMARK [-1][]{part.6}{Appendix}{}% 41
\BOOKMARK [0][]{dummy.7}{Bibliography}{part.6}% 42
